Arguments: 
  C:\Program Files\nodejs\node.exe C:\Users\ARINDAM\AppData\Roaming\npm\node_modules\yarn\bin\yarn.js add @sapphire/plugin-api/register

PATH: 
  C:\Program Files\AdoptOpenJDK\jdk-16.0.1.9-hotspot\bin;C:\WINDOWS\system32;C:\WINDOWS;C:\WINDOWS\System32\Wbem;C:\WINDOWS\System32\WindowsPowerShell\v1.0\;C:\WINDOWS\System32\OpenSSH\;C:\Program Files\nodejs\;C:\Users\ARINDAM\AppData\Local\Microsoft\WindowsApps;C:\ProgramData\ARINDAM\GitHubDesktop\bin;C:\Users\ARINDAM\AppData\Roaming\npm;C:\Users\ARINDAM\AppData\Local\Programs\Microsoft VS Code Insiders\bin;C:\Users\ARINDAM\AppData\Local\GitHubDesktop\bin

Yarn version: 
  1.22.10

Node version: 
  16.4.0

Platform: 
  win32 x64

Trace: 
  Error: https://registry.yarnpkg.com/@sapphire%2fplugin-api/register: Request "https://registry.yarnpkg.com/@sapphire%2fplugin-api/register" returned a 405
      at Request.params.callback [as _callback] (C:\Users\ARINDAM\AppData\Roaming\npm\node_modules\yarn\lib\cli.js:66997:18)
      at Request.self.callback (C:\Users\ARINDAM\AppData\Roaming\npm\node_modules\yarn\lib\cli.js:140662:22)
      at Request.emit (node:events:394:28)
      at Request.<anonymous> (C:\Users\ARINDAM\AppData\Roaming\npm\node_modules\yarn\lib\cli.js:141634:10)
      at Request.emit (node:events:394:28)
      at IncomingMessage.<anonymous> (C:\Users\ARINDAM\AppData\Roaming\npm\node_modules\yarn\lib\cli.js:141556:12)
      at Object.onceWrapper (node:events:513:28)
      at IncomingMessage.emit (node:events:406:35)
      at endReadableNT (node:internal/streams/readable:1329:12)
      at processTicksAndRejections (node:internal/process/task_queues:83:21)

npm manifest: 
  {
    "name": "dude-perfect",
    "version": "3.0.0",
    "description": "Dude Perfect is a bot that can do most of the things that everything you require for making a better and better Discord Server.",
    "main": "src/index.js",
    "repository": "https://github.com/Dude-Perfect-Discord-Bot/Dude-Perfect",
    "author": "workforxynox@gmail.com",
    "license": "Apache-2.0",
    "dependencies": {
      "colorette": "^1.3.0"
    }
  }

yarn manifest: 
  No manifest

Lockfile: 
  # THIS IS AN AUTOGENERATED FILE. DO NOT EDIT THIS FILE DIRECTLY.
  # yarn lockfile v1
  
  
  colorette@^1.3.0:
    version "1.3.0"
    resolved "https://registry.yarnpkg.com/colorette/-/colorette-1.3.0.tgz#ff45d2f0edb244069d3b772adeb04fed38d0a0af"
    integrity sha512-ecORCqbSFP7Wm8Y6lyqMJjexBQqXSF7SSeaTyGGphogUjBlFP9m9o08wy86HL2uB7fMTxtOUzLMk7ogKcxMg1w==
